[2026-02-09T04:22:55.661361] TO=alice@company.com SUBJECT=Leave of Absence Created (In Review)
Hi ,

Your LOA request has been created and is in review.

TransactionId: None
Status: None
Requested Dates: 2026-03-07 to 2026-03-15
Leave Balance (demo DB): 12 days

Thanks,
HR Automation Bot

--------------------------------------------------------------------------------
[2026-02-09T15:38:26.772474] TO=alice@company.com SUBJECT=Leave of Absence Created (In Review)
Hi ,

Your LOA request has been created and is in review.

TransactionId: None
Status: None
Requested Dates: 2023-03-03 to 2023-03-07
Leave Balance (demo DB): 12 days

Thanks,
HR Automation Bot

--------------------------------------------------------------------------------
[2026-02-10T00:44:39.092573] TO=alice@company.com SUBJECT=Leave of Absence Request - Action Needed
Hi None,

We could not create your LOA.
Active: True, On leave: True

Please contact HR.

--------------------------------------------------------------------------------
